<?xml version="1.0" encoding="UTF-8"?>
<testng-results skipped="0" failed="0" ignored="0" total="0" passed="0">
  <reporter-output>
  </reporter-output>
  <suite name="com.vytrack.tests.TestBase" duration-ms="7" started-at="2020-07-16T21:55:24Z" finished-at="2020-07-16T21:55:24Z">
    <groups>
    </groups>
    <test name="Command line test" duration-ms="7" started-at="2020-07-16T21:55:24Z" finished-at="2020-07-16T21:55:24Z">
    </test> <!-- Command line test -->
  </suite> <!-- com.vytrack.tests.TestBase -->
</testng-results>
